# JRE version: Java(TM) SE Runtime Environment (13.0.1+9) (build 13.0.1+9)
# Java VM: Java HotSpot(TM) 64-Bit Server VM (13.0.1+9, mixed mode, sharing, tiered, compressed oops, g1 gc, windows-amd64)
Heap:
 garbage-first heap   total 95232K, used 30350K [0x00000000c1200000, 0x0000000100000000)
  region size 1024K, 5 young (5120K), 4 survivors (4096K)
 Metaspace       used 20576K, capacity 21293K, committed 21628K, reserved 1067008K
  class space    used 2809K, capacity 3108K, committed 3200K, reserved 1048576K
GC Heap History (20 events):
Event: 1.859 GC heap before
{Heap before GC invocations=4 (full 0):
 garbage-first heap   total 65536K, used 35876K [0x00000000c1200000, 0x0000000100000000)
  region size 1024K, 13 young (13312K), 1 survivors (1024K)
 Metaspace       used 8577K, capacity 8939K, committed 9216K, reserved 1056768K
  class space    used 1076K, capacity 1210K, committed 1280K, reserved 1048576K
}
Event: 1.862 GC heap after
{Heap after GC invocations=5 (full 0):
 garbage-first heap   total 78848K, used 25094K [0x00000000c1200000, 0x0000000100000000)
  region size 1024K, 1 young (1024K), 1 survivors (1024K)
 Metaspace       used 8577K, capacity 8939K, committed 9216K, reserved 1056768K
  class space    used 1076K, capacity 1210K, committed 1280K, reserved 1048576K
}
Event: 2.195 GC heap before
{Heap before GC invocations=5 (full 0):
 garbage-first heap   total 78848K, used 43526K [0x00000000c1200000, 0x0000000100000000)
  region size 1024K, 19 young (19456K), 1 survivors (1024K)
 Metaspace       used 10129K, capacity 10546K, committed 10752K, reserved 1058816K
  class space    used 1324K, capacity 1471K, committed 1536K, reserved 1048576K
}
Event: 2.198 GC heap after
{Heap after GC invocations=6 (full 0):
 garbage-first heap   total 78848K, used 25487K [0x00000000c1200000, 0x0000000100000000)
  region size 1024K, 2 young (2048K), 2 survivors (2048K)
 Metaspace       used 10129K, capacity 10546K, committed 10752K, reserved 1058816K
  class space    used 1324K, capacity 1471K, committed 1536K, reserved 1048576K
}
Event: 2.538 GC heap before
{Heap before GC invocations=6 (full 0):
 garbage-first heap   total 78848K, used 45967K [0x00000000c1200000, 0x0000000100000000)
  region size 1024K, 22 young (22528K), 2 survivors (2048K)
 Metaspace       used 11969K, capacity 12457K, committed 12672K, reserved 1060864K
  class space    used 1686K, capacity 1828K, committed 1920K, reserved 1048576K
}
Event: 2.542 GC heap after
{Heap after GC invocations=7 (full 0):
 garbage-first heap   total 78848K, used 26068K [0x00000000c1200000, 0x0000000100000000)
  region size 1024K, 2 young (2048K), 2 survivors (2048K)
 Metaspace       used 11969K, capacity 12457K, committed 12672K, reserved 1060864K
  class space    used 1686K, capacity 1828K, committed 1920K, reserved 1048576K
}
Event: 3.586 GC heap before
{Heap before GC invocations=7 (full 0):
 garbage-first heap   total 78848K, used 48596K [0x00000000c1200000, 0x0000000100000000)
  region size 1024K, 25 young (25600K), 2 survivors (2048K)
 Metaspace       used 14911K, capacity 15460K, committed 15616K, reserved 1062912K
  class space    used 2052K, capacity 2256K, committed 2304K, reserved 1048576K
}
Event: 3.593 GC heap after
{Heap after GC invocations=8 (full 0):
 garbage-first heap   total 78848K, used 26715K [0x00000000c1200000, 0x0000000100000000)
  region size 1024K, 3 young (3072K), 3 survivors (3072K)
 Metaspace       used 14911K, capacity 15460K, committed 15616K, reserved 1062912K
  class space    used 2052K, capacity 2256K, committed 2304K, reserved 1048576K
}
Event: 4.420 GC heap before
{Heap before GC invocations=8 (full 0):
 garbage-first heap   total 78848K, used 50267K [0x00000000c1200000, 0x0000000100000000)
  region size 1024K, 27 young (27648K), 3 survivors (3072K)
 Metaspace       used 17344K, capacity 17964K, committed 18304K, reserved 1064960K
  class space    used 2367K, capacity 2602K, committed 2688K, reserved 1048576K
}
Event: 4.427 GC heap after
{Heap after GC invocations=9 (full 0):
 garbage-first heap   total 78848K, used 27567K [0x00000000c1200000, 0x0000000100000000)
  region size 1024K, 3 young (3072K), 3 survivors (3072K)
 Metaspace       used 17344K, capacity 17964K, committed 18304K, reserved 1064960K
  class space    used 2367K, capacity 2602K, committed 2688K, reserved 1048576K
}
Event: 4.803 GC heap before
{Heap before GC invocations=9 (full 0):
 garbage-first heap   total 78848K, used 55215K [0x00000000c1200000, 0x0000000100000000)
  region size 1024K, 31 young (31744K), 3 survivors (3072K)
 Metaspace       used 17573K, capacity 18211K, committed 18304K, reserved 1064960K
  class space    used 2402K, capacity 2643K, committed 2688K, reserved 1048576K
}
Event: 4.811 GC heap after
{Heap after GC invocations=10 (full 0):
 garbage-first heap   total 78848K, used 28617K [0x00000000c1200000, 0x0000000100000000)
  region size 1024K, 3 young (3072K), 3 survivors (3072K)
 Metaspace       used 17573K, capacity 18211K, committed 18304K, reserved 1064960K
  class space    used 2402K, capacity 2643K, committed 2688K, reserved 1048576K
}
Event: 4.828 GC heap before
{Heap before GC invocations=10 (full 0):
 garbage-first heap   total 78848K, used 56265K [0x00000000c1200000, 0x0000000100000000)
  region size 1024K, 31 young (31744K), 3 survivors (3072K)
 Metaspace       used 17656K, capacity 18275K, committed 18560K, reserved 1064960K
  class space    used 2406K, capacity 2643K, committed 2688K, reserved 1048576K
}
Event: 4.833 GC heap after
{Heap after GC invocations=11 (full 0):
 garbage-first heap   total 95232K, used 28653K [0x00000000c1200000, 0x0000000100000000)
  region size 1024K, 2 young (2048K), 2 survivors (2048K)
 Metaspace       used 17656K, capacity 18275K, committed 18560K, reserved 1064960K
  class space    used 2406K, capacity 2643K, committed 2688K, reserved 1048576K
}
Event: 4.986 GC heap before
{Heap before GC invocations=11 (full 0):
 garbage-first heap   total 95232K, used 62445K [0x00000000c1200000, 0x0000000100000000)
  region size 1024K, 36 young (36864K), 2 survivors (2048K)
 Metaspace       used 17868K, capacity 18499K, committed 18560K, reserved 1064960K
  class space    used 2424K, capacity 2675K, committed 2688K, reserved 1048576K
}
Event: 4.993 GC heap after
{Heap after GC invocations=12 (full 0):
 garbage-first heap   total 95232K, used 28532K [0x00000000c1200000, 0x0000000100000000)
  region size 1024K, 2 young (2048K), 2 survivors (2048K)
 Metaspace       used 17868K, capacity 18499K, committed 18560K, reserved 1064960K
  class space    used 2424K, capacity 2675K, committed 2688K, reserved 1048576K
}
Event: 5.873 GC heap before
{Heap before GC invocations=12 (full 0):
 garbage-first heap   total 95232K, used 66420K [0x00000000c1200000, 0x0000000100000000)
  region size 1024K, 39 young (39936K), 2 survivors (2048K)
 Metaspace       used 19859K, capacity 20564K, committed 20736K, reserved 1067008K
  class space    used 2705K, capacity 2973K, committed 3072K, reserved 1048576K
}
Event: 5.880 GC heap after
{Heap after GC invocations=13 (full 0):
 garbage-first heap   total 95232K, used 29740K [0x00000000c1200000, 0x0000000100000000)
  region size 1024K, 3 young (3072K), 3 survivors (3072K)
 Metaspace       used 19859K, capacity 20564K, committed 20736K, reserved 1067008K
  class space    used 2705K, capacity 2973K, committed 3072K, reserved 1048576K
}
Event: 6.088 GC heap before
{Heap before GC invocations=13 (full 0):
 garbage-first heap   total 95232K, used 34860K [0x00000000c1200000, 0x0000000100000000)
  region size 1024K, 9 young (9216K), 3 survivors (3072K)
 Metaspace       used 20507K, capacity 21167K, committed 21248K, reserved 1067008K
  class space    used 2795K, capacity 3045K, committed 3072K, reserved 1048576K
}
Event: 6.096 GC heap after
{Heap after GC invocations=14 (full 0):
 garbage-first heap   total 95232K, used 30350K [0x00000000c1200000, 0x0000000100000000)
  region size 1024K, 4 young (4096K), 4 survivors (4096K)
 Metaspace       used 20507K, capacity 21167K, committed 21248K, reserved 1067008K
  class space    used 2795K, capacity 3045K, committed 3072K, reserved 1048576K
}

